<?xml version="1.0" encoding="UTF-8"?>
<coverage generated="1584406628266" clover="3.2.0">
  <project timestamp="1584406628266" name="All files">
    <metrics statements="24" coveredstatements="23" conditionals="13" coveredconditionals="9" methods="4" coveredmethods="4" elements="41" coveredelements="36" complexity="0" loc="24" ncloc="24" packages="2" files="3" classes="3"/>
    <package name="lib">
      <metrics statements="18" coveredstatements="17" conditionals="10" coveredconditionals="9" methods="2" coveredmethods="2"/>
      <file name="app.js" path="C:\Users\willi\alchemy\Career-Track-401\HTTP-With-Net\starter-code\lib\app.js">
        <metrics statements="18" coveredstatements="17" conditionals="10" coveredconditionals="9" methods="2" coveredmethods="2"/>
        <line num="1" count="1" type="stmt"/>
        <line num="2" count="1" type="stmt"/>
        <line num="3" count="1" type="stmt"/>
        <line num="5" count="1" type="stmt"/>
        <line num="6" count="5" type="stmt"/>
        <line num="7" count="5" type="stmt"/>
        <line num="9" count="5" type="cond" truecount="2" falsecount="0"/>
        <line num="10" count="1" type="stmt"/>
        <line num="16" count="4" type="cond" truecount="2" falsecount="0"/>
        <line num="17" count="1" type="stmt"/>
        <line num="23" count="3" type="cond" truecount="2" falsecount="0"/>
        <line num="24" count="1" type="stmt"/>
        <line num="32" count="2" type="cond" truecount="2" falsecount="0"/>
        <line num="33" count="1" type="stmt"/>
        <line num="40" count="1" type="cond" truecount="1" falsecount="1"/>
        <line num="41" count="1" type="stmt"/>
        <line num="47" count="0" type="stmt"/>
        <line num="52" count="1" type="stmt"/>
      </file>
    </package>
    <package name="lib.utils">
      <metrics statements="6" coveredstatements="6" conditionals="3" coveredconditionals="0" methods="2" coveredmethods="2"/>
      <file name="createResponse.js" path="C:\Users\willi\alchemy\Career-Track-401\HTTP-With-Net\starter-code\lib\utils\createResponse.js">
        <metrics statements="2" coveredstatements="2" conditionals="3" coveredconditionals="0" methods="1" coveredmethods="1"/>
        <line num="1" count="2" type="cond" truecount="0" falsecount="3"/>
        <line num="2" count="6" type="stmt"/>
      </file>
      <file name="parseRequest.js" path="C:\Users\willi\alchemy\Career-Track-401\HTTP-With-Net\starter-code\lib\utils\parseRequest.js">
        <metrics statements="4" coveredstatements="4" conditionals="0" coveredconditionals="0" methods="1" coveredmethods="1"/>
        <line num="1" count="2" type="stmt"/>
        <line num="3" count="7" type="stmt"/>
        <line num="4" count="7" type="stmt"/>
        <line num="5" count="7" type="stmt"/>
      </file>
    </package>
  </project>
</coverage>
