<?xml version="1.0" encoding="UTF-8"?>
<coverage generated="1584404920067" clover="3.2.0">
  <project timestamp="1584404920067" name="All files">
    <metrics statements="20" coveredstatements="19" conditionals="9" coveredconditionals="5" methods="4" coveredmethods="4" elements="33" coveredelements="28" complexity="0" loc="20" ncloc="20" packages="2" files="3" classes="3"/>
    <package name="lib">
      <metrics statements="14" coveredstatements="13" conditionals="6" coveredconditionals="5" methods="2" coveredmethods="2"/>
      <file name="app.js" path="C:\Users\willi\alchemy\Career-Track-401\HTTP-With-Net\starter-code\lib\app.js">
        <metrics statements="14" coveredstatements="13" conditionals="6" coveredconditionals="5" methods="2" coveredmethods="2"/>
        <line num="1" count="1" type="stmt"/>
        <line num="2" count="1" type="stmt"/>
        <line num="3" count="1" type="stmt"/>
        <line num="5" count="1" type="stmt"/>
        <line num="6" count="3" type="stmt"/>
        <line num="7" count="3" type="stmt"/>
        <line num="9" count="3" type="cond" truecount="2" falsecount="0"/>
        <line num="10" count="1" type="stmt"/>
        <line num="16" count="2" type="cond" truecount="2" falsecount="0"/>
        <line num="17" count="1" type="stmt"/>
        <line num="23" count="1" type="cond" truecount="1" falsecount="1"/>
        <line num="24" count="1" type="stmt"/>
        <line num="30" count="0" type="stmt"/>
        <line num="35" count="1" type="stmt"/>
      </file>
    </package>
    <package name="lib.utils">
      <metrics statements="6" coveredstatements="6" conditionals="3" coveredconditionals="0" methods="2" coveredmethods="2"/>
      <file name="createResponse.js" path="C:\Users\willi\alchemy\Career-Track-401\HTTP-With-Net\starter-code\lib\utils\createResponse.js">
        <metrics statements="2" coveredstatements="2" conditionals="3" coveredconditionals="0" methods="1" coveredmethods="1"/>
        <line num="1" count="2" type="cond" truecount="0" falsecount="3"/>
        <line num="2" count="4" type="stmt"/>
      </file>
      <file name="parseRequest.js" path="C:\Users\willi\alchemy\Career-Track-401\HTTP-With-Net\starter-code\lib\utils\parseRequest.js">
        <metrics statements="4" coveredstatements="4" conditionals="0" coveredconditionals="0" methods="1" coveredmethods="1"/>
        <line num="1" count="2" type="stmt"/>
        <line num="3" count="5" type="stmt"/>
        <line num="4" count="5" type="stmt"/>
        <line num="5" count="5" type="stmt"/>
      </file>
    </package>
  </project>
</coverage>
