{"C:\\Users\\willi\\alchemy\\Career-Track-401\\HTTP-With-Net\\starter-code\\lib\\app.js": {"path":"C:\\Users\\willi\\alchemy\\Career-Track-401\\HTTP-With-Net\\starter-code\\lib\\app.js","statementMap":{"0":{"start":{"line":1,"column":12},"end":{"line":1,"column":26}},"1":{"start":{"line":2,"column":21},"end":{"line":2,"column":52}},"2":{"start":{"line":3,"column":23},"end":{"line":3,"column":56}},"3":{"start":{"line":5,"column":12},"end":{"line":50,"column":2}},"4":{"start":{"line":6,"column":2},"end":{"line":49,"column":5}},"5":{"start":{"line":7,"column":20},"end":{"line":7,"column":49}},"6":{"start":{"line":9,"column":4},"end":{"line":47,"column":113}},"7":{"start":{"line":10,"column":6},"end":{"line":14,"column":10}},"8":{"start":{"line":16,"column":11},"end":{"line":47,"column":113}},"9":{"start":{"line":17,"column":6},"end":{"line":21,"column":10}},"10":{"start":{"line":23,"column":11},"end":{"line":47,"column":113}},"11":{"start":{"line":24,"column":6},"end":{"line":28,"column":10}},"12":{"start":{"line":32,"column":9},"end":{"line":47,"column":113}},"13":{"start":{"line":33,"column":6},"end":{"line":37,"column":10}},"14":{"start":{"line":40,"column":9},"end":{"line":47,"column":113}},"15":{"start":{"line":41,"column":6},"end":{"line":45,"column":10}},"16":{"start":{"line":47,"column":11},"end":{"line":47,"column":113}},"17":{"start":{"line":52,"column":0},"end":{"line":52,"column":21}}},"fnMap":{"0":{"name":"(anonymous_0)","decl":{"start":{"line":5,"column":29},"end":{"line":5,"column":30}},"loc":{"start":{"line":5,"column":39},"end":{"line":50,"column":1}},"line":5},"1":{"name":"(anonymous_1)","decl":{"start":{"line":6,"column":20},"end":{"line":6,"column":21}},"loc":{"start":{"line":6,"column":28},"end":{"line":49,"column":3}},"line":6}},"branchMap":{"0":{"loc":{"start":{"line":9,"column":4},"end":{"line":47,"column":113}},"type":"if","locations":[{"start":{"line":9,"column":4},"end":{"line":47,"column":113}},{"start":{"line":9,"column":4},"end":{"line":47,"column":113}}],"line":9},"1":{"loc":{"start":{"line":16,"column":11},"end":{"line":47,"column":113}},"type":"if","locations":[{"start":{"line":16,"column":11},"end":{"line":47,"column":113}},{"start":{"line":16,"column":11},"end":{"line":47,"column":113}}],"line":16},"2":{"loc":{"start":{"line":23,"column":11},"end":{"line":47,"column":113}},"type":"if","locations":[{"start":{"line":23,"column":11},"end":{"line":47,"column":113}},{"start":{"line":23,"column":11},"end":{"line":47,"column":113}}],"line":23},"3":{"loc":{"start":{"line":32,"column":9},"end":{"line":47,"column":113}},"type":"if","locations":[{"start":{"line":32,"column":9},"end":{"line":47,"column":113}},{"start":{"line":32,"column":9},"end":{"line":47,"column":113}}],"line":32},"4":{"loc":{"start":{"line":40,"column":9},"end":{"line":47,"column":113}},"type":"if","locations":[{"start":{"line":40,"column":9},"end":{"line":47,"column":113}},{"start":{"line":40,"column":9},"end":{"line":47,"column":113}}],"line":40}},"s":{"0":1,"1":1,"2":1,"3":1,"4":5,"5":5,"6":5,"7":1,"8":4,"9":1,"10":3,"11":1,"12":2,"13":1,"14":1,"15":1,"16":0,"17":1},"f":{"0":5,"1":5},"b":{"0":[1,4],"1":[1,3],"2":[1,2],"3":[1,1],"4":[1,0]},"_coverageSchema":"43e27e138ebf9cfc5966b082cf9a028302ed4184","hash":"96f0a0eee50a6cd9dbf2de739eace41c0dd39335"}
,"C:\\Users\\willi\\alchemy\\Career-Track-401\\HTTP-With-Net\\starter-code\\lib\\utils\\createResponse.js": {"path":"C:\\Users\\willi\\alchemy\\Career-Track-401\\HTTP-With-Net\\starter-code\\lib\\utils\\createResponse.js","statementMap":{"0":{"start":{"line":1,"column":0},"end":{"line":8,"column":2}},"1":{"start":{"line":2,"column":2},"end":{"line":7,"column":16}}},"fnMap":{"0":{"name":"(anonymous_0)","decl":{"start":{"line":1,"column":17},"end":{"line":1,"column":18}},"loc":{"start":{"line":1,"column":82},"end":{"line":8,"column":1}},"line":1}},"branchMap":{"0":{"loc":{"start":{"line":1,"column":20},"end":{"line":1,"column":29}},"type":"default-arg","locations":[{"start":{"line":1,"column":27},"end":{"line":1,"column":29}}],"line":1},"1":{"loc":{"start":{"line":1,"column":31},"end":{"line":1,"column":56}},"type":"default-arg","locations":[{"start":{"line":1,"column":45},"end":{"line":1,"column":56}}],"line":1},"2":{"loc":{"start":{"line":1,"column":58},"end":{"line":1,"column":75}},"type":"default-arg","locations":[{"start":{"line":1,"column":67},"end":{"line":1,"column":75}}],"line":1}},"s":{"0":2,"1":6},"f":{"0":6},"b":{"0":[0],"1":[0],"2":[0]},"_coverageSchema":"43e27e138ebf9cfc5966b082cf9a028302ed4184","hash":"e42a1ece7bfdce0924874b587593d2c46dae8ed8"}
,"C:\\Users\\willi\\alchemy\\Career-Track-401\\HTTP-With-Net\\starter-code\\lib\\utils\\parseRequest.js": {"path":"C:\\Users\\willi\\alchemy\\Career-Track-401\\HTTP-With-Net\\starter-code\\lib\\utils\\parseRequest.js","statementMap":{"0":{"start":{"line":1,"column":0},"end":{"line":6,"column":2}},"1":{"start":{"line":3,"column":18},"end":{"line":3,"column":52}},"2":{"start":{"line":4,"column":19},"end":{"line":4,"column":47}},"3":{"start":{"line":5,"column":2},"end":{"line":5,"column":55}}},"fnMap":{"0":{"name":"(anonymous_0)","decl":{"start":{"line":1,"column":17},"end":{"line":1,"column":18}},"loc":{"start":{"line":1,"column":31},"end":{"line":6,"column":1}},"line":1}},"branchMap":{},"s":{"0":2,"1":7,"2":7,"3":7},"f":{"0":7},"b":{},"_coverageSchema":"43e27e138ebf9cfc5966b082cf9a028302ed4184","hash":"4fed7cbade7c83e5ea27e252f8cb36af40da8c71"}
}
