TN:
SF:C:\Users\willi\alchemy\Career-Track-401\HTTP-With-Net\starter-code\lib\app.js
FN:5,(anonymous_0)
FN:6,(anonymous_1)
FNF:2
FNH:2
FNDA:5,(anonymous_0)
FNDA:5,(anonymous_1)
DA:1,1
DA:2,1
DA:3,1
DA:5,1
DA:6,5
DA:7,5
DA:9,5
DA:10,1
DA:16,4
DA:17,1
DA:23,3
DA:24,1
DA:32,2
DA:33,1
DA:40,1
DA:41,1
DA:47,0
DA:52,1
LF:18
LH:17
BRDA:9,0,0,1
BRDA:9,0,1,4
BRDA:16,1,0,1
BRDA:16,1,1,3
BRDA:23,2,0,1
BRDA:23,2,1,2
BRDA:32,3,0,1
BRDA:32,3,1,1
BRDA:40,4,0,1
BRDA:40,4,1,0
BRF:10
BRH:9
end_of_record
TN:
SF:C:\Users\willi\alchemy\Career-Track-401\HTTP-With-Net\starter-code\lib\utils\createResponse.js
FN:1,(anonymous_0)
FNF:1
FNH:1
FNDA:6,(anonymous_0)
DA:1,2
DA:2,6
LF:2
LH:2
BRDA:1,0,0,0
BRDA:1,1,0,0
BRDA:1,2,0,0
BRF:3
BRH:0
end_of_record
TN:
SF:C:\Users\willi\alchemy\Career-Track-401\HTTP-With-Net\starter-code\lib\utils\parseRequest.js
FN:1,(anonymous_0)
FNF:1
FNH:1
FNDA:7,(anonymous_0)
DA:1,2
DA:3,7
DA:4,7
DA:5,7
LF:4
LH:4
BRF:0
BRH:0
end_of_record
