TN:
SF:C:\Users\willi\alchemy\Career-Track-401\HTTP-With-Net\starter-code\lib\app.js
FN:5,(anonymous_0)
FN:6,(anonymous_1)
FNF:2
FNH:2
FNDA:3,(anonymous_0)
FNDA:3,(anonymous_1)
DA:1,1
DA:2,1
DA:3,1
DA:5,1
DA:6,3
DA:7,3
DA:9,3
DA:10,1
DA:16,2
DA:17,1
DA:23,1
DA:24,1
DA:30,0
DA:35,1
LF:14
LH:13
BRDA:9,0,0,1
BRDA:9,0,1,2
BRDA:16,1,0,1
BRDA:16,1,1,1
BRDA:23,2,0,1
BRDA:23,2,1,0
BRF:6
BRH:5
end_of_record
TN:
SF:C:\Users\willi\alchemy\Career-Track-401\HTTP-With-Net\starter-code\lib\utils\createResponse.js
FN:1,(anonymous_0)
FNF:1
FNH:1
FNDA:4,(anonymous_0)
DA:1,2
DA:2,4
LF:2
LH:2
BRDA:1,0,0,0
BRDA:1,1,0,0
BRDA:1,2,0,0
BRF:3
BRH:0
end_of_record
TN:
SF:C:\Users\willi\alchemy\Career-Track-401\HTTP-With-Net\starter-code\lib\utils\parseRequest.js
FN:1,(anonymous_0)
FNF:1
FNH:1
FNDA:5,(anonymous_0)
DA:1,2
DA:3,5
DA:4,5
DA:5,5
LF:4
LH:4
BRF:0
BRH:0
end_of_record
